<?xml version="1.0" encoding="UTF-8"?>
<!-- Generated by org.testng.reporters.JUnitXMLReporter -->
<testsuite ignored="0" hostname="LIN76001907" failures="0" tests="9" name="Default test(failed)" time="558.886" errors="0" timestamp="2021-05-26T14:56:04 IST">
  <testcase classname="org.tests.ProdTest" name="checkSamsungImg" time="4.056"/>
  <testcase classname="org.tests.ProdTest" name="searchPageTitle" time="5.982"/>
  <testcase classname="org.tests.ProdTest" name="AvailOff" time="3.314"/>
  <testcase classname="org.tests.ProdTest" name="AskExpertCheck" time="4.439"/>
  <testcase classname="org.tests.ProdTest" name="ExchangeOptions" time="4.144"/>
  <testcase classname="org.tests.ProdTest" name="TermsConditions" time="4.881"/>
  <testcase classname="org.tests.ProdTest" name="OffersViewing" time="9.425"/>
  <testcase classname="org.tests.ProdTest" name="KnowMoreCheck" time="4.151"/>
  <testcase classname="org.tests.ProdTest" name="ViewDetailsCheck" time="4.234"/>
</testsuite> <!-- Default test(failed) -->
