<?xml version="1.0" encoding="UTF-8"?>
<!-- Generated by org.testng.reporters.JUnitXMLReporter -->
<testsuite ignored="15" hostname="LIN76001907" failures="7" tests="99" name="Test" time="1583.253" errors="0" timestamp="2021-05-27T00:03:19 IST">
  <testcase classname="org.tests.ProdTest" name="@BeforeMethod setUp" time="27.143">
    <failure type="org.openqa.selenium.NoSuchElementException" message="no such element: Unable to locate element: {&amp;quot;method&amp;quot;:&amp;quot;xpath&amp;quot;,&amp;quot;selector&amp;quot;:&amp;quot;//div[@title=&amp;apos;SAMSUNG&amp;apos;]//div[@class=&amp;apos;_24_Dny&amp;apos;]&amp;quot;}
  (Session info: chrome=90.0.4430.212)
For documentation on this error, please visit: https://www.seleniumhq.org/exceptions/no_such_element.html
Build info: version: &amp;apos;3.141.59&amp;apos;, revision: &amp;apos;e82be7d358&amp;apos;, time: &amp;apos;2018-11-14T08:25:48&amp;apos;
System info: host: &amp;apos;LIN76001907&amp;apos;, ip: &amp;apos;192.168.225.181&amp;apos;, os.name: &amp;apos;Windows 10&amp;apos;, os.arch: &amp;apos;amd64&amp;apos;, os.version: &amp;apos;10.0&amp;apos;, java.version: &amp;apos;11.0.11&amp;apos;
Driver info: org.openqa.selenium.chrome.ChromeDriver
Capabilities {acceptInsecureCerts: false, browserName: chrome, browserVersion: 90.0.4430.212, chrome: {chromedriverVersion: 90.0.4430.24 (4c6d850f087da..., userDataDir: C:\Users\deepig\AppData\Loc...}, goog:chromeOptions: {debuggerAddress: localhost:62019}, javascriptEnabled: true, networkConnectionEnabled: false, pageLoadStrategy: normal, platform: WINDOWS, platformName: WINDOWS, proxy: Proxy(), setWindowRect: true, strictFileInteractability: false, timeouts: {implicit: 0, pageLoad: 300000, script: 30000}, unhandledPromptBehavior: dismiss and notify, webauthn:extension:largeBlob: true, webauthn:virtualAuthenticators: true}
Session ID: 636c6e3b6d4f0daedef9ed829456063c
*** Element info: {Using=xpath, value=//div[@title=&amp;apos;SAMSUNG&amp;apos;]//div[@class=&amp;apos;_24_Dny&amp;apos;]}">
      <![CDATA[org.openqa.selenium.NoSuchElementException: no such element: Unable to locate element: {"method":"xpath","selector":"//div[@title='SAMSUNG']//div[@class='_24_Dny']"}
  (Session info: chrome=90.0.4430.212)
For documentation on this error, please visit: https://www.seleniumhq.org/exceptions/no_such_element.html
Build info: version: '3.141.59', revision: 'e82be7d358', time: '2018-11-14T08:25:48'
System info: host: 'LIN76001907', ip: '192.168.225.181', os.name: 'Windows 10', os.arch: 'amd64', os.version: '10.0', java.version: '11.0.11'
Driver info: org.openqa.selenium.chrome.ChromeDriver
Capabilities {acceptInsecureCerts: false, browserName: chrome, browserVersion: 90.0.4430.212, chrome: {chromedriverVersion: 90.0.4430.24 (4c6d850f087da..., userDataDir: C:\Users\deepig\AppData\Loc...}, goog:chromeOptions: {debuggerAddress: localhost:62019}, javascriptEnabled: true, networkConnectionEnabled: false, pageLoadStrategy: normal, platform: WINDOWS, platformName: WINDOWS, proxy: Proxy(), setWindowRect: true, strictFileInteractability: false, timeouts: {implicit: 0, pageLoad: 300000, script: 30000}, unhandledPromptBehavior: dismiss and notify, webauthn:extension:largeBlob: true, webauthn:virtualAuthenticators: true}
Session ID: 636c6e3b6d4f0daedef9ed829456063c
*** Element info: {Using=xpath, value=//div[@title='SAMSUNG']//div[@class='_24_Dny']}
at org.openqa.selenium.remote.http.W3CHttpResponseCodec.createException(W3CHttpResponseCodec.java:187)
at org.openqa.selenium.remote.http.W3CHttpResponseCodec.decode(W3CHttpResponseCodec.java:122)
at org.openqa.selenium.remote.http.W3CHttpResponseCodec.decode(W3CHttpResponseCodec.java:49)
at org.openqa.selenium.remote.HttpCommandExecutor.execute(HttpCommandExecutor.java:158)
at org.openqa.selenium.remote.service.DriverCommandExecutor.execute(DriverCommandExecutor.java:83)
at org.openqa.selenium.remote.RemoteWebDriver.execute(RemoteWebDriver.java:552)
at org.openqa.selenium.remote.RemoteWebDriver.findElement(RemoteWebDriver.java:323)
at org.openqa.selenium.remote.RemoteWebDriver.findElementByXPath(RemoteWebDriver.java:428)
at org.openqa.selenium.By$ByXPath.findElement(By.java:353)
at org.openqa.selenium.remote.RemoteWebDriver.findElement(RemoteWebDriver.java:315)
at org.openqa.selenium.support.pagefactory.DefaultElementLocator.findElement(DefaultElementLocator.java:69)
at org.openqa.selenium.support.pagefactory.internal.LocatingElementHandler.invoke(LocatingElementHandler.java:38)
at com.sun.proxy.$Proxy17.click(Unknown Source)
at org.pages.MobOptions.SelectAll(MobOptions.java:151)
at org.tests.ProdTest.setUp(ProdTest.java:39)
at java.base/java.util.ArrayList.forEach(ArrayList.java:1541)
... Removed 35 stack frames]]>
    </failure>
  </testcase> <!-- @BeforeMethod setUp -->
  <testcase classname="org.tests.ProdTest" name="@AfterMethod close" time="-1.622053228086E9">
    <skipped/>
  </testcase> <!-- @AfterMethod close -->
  <testcase classname="org.tests.ProdTest" name="@BeforeMethod setUp" time="-1.622053228087E9">
    <skipped/>
  </testcase> <!-- @BeforeMethod setUp -->
  <testcase classname="org.tests.ProdTest" name="@AfterMethod close" time="-1.622053228089E9">
    <skipped/>
  </testcase> <!-- @AfterMethod close -->
  <testcase classname="org.tests.ProdTest" name="@BeforeMethod setUp" time="-1.62205322809E9">
    <skipped/>
  </testcase> <!-- @BeforeMethod setUp -->
  <testcase classname="org.tests.ProdTest" name="@AfterMethod close" time="-1.622053228093E9">
    <skipped/>
  </testcase> <!-- @AfterMethod close -->
  <testcase classname="org.tests.ProdTest" name="@BeforeMethod setUp" time="-1.622053228095E9">
    <skipped/>
  </testcase> <!-- @BeforeMethod setUp -->
  <testcase classname="org.tests.ProdTest" name="@AfterMethod close" time="-1.6220532281E9">
    <skipped/>
  </testcase> <!-- @AfterMethod close -->
  <testcase classname="org.tests.ProdTest" name="@BeforeMethod setUp" time="-1.622053228102E9">
    <skipped/>
  </testcase> <!-- @BeforeMethod setUp -->
  <testcase classname="org.tests.ProdTest" name="@AfterMethod close" time="-1.622053228108E9">
    <skipped/>
  </testcase> <!-- @AfterMethod close -->
  <testcase classname="org.tests.BookResultTest" name="@BeforeMethod setUp" time="25.608">
    <failure type="org.openqa.selenium.NoSuchElementException" message="no such element: Unable to locate element: {&amp;quot;method&amp;quot;:&amp;quot;xpath&amp;quot;,&amp;quot;selector&amp;quot;:&amp;quot;//a[@title=&amp;apos;Why Not Me? A Feeling of Millions (English)&amp;apos;]&amp;quot;}
  (Session info: chrome=90.0.4430.212)
For documentation on this error, please visit: https://www.seleniumhq.org/exceptions/no_such_element.html
Build info: version: &amp;apos;3.141.59&amp;apos;, revision: &amp;apos;e82be7d358&amp;apos;, time: &amp;apos;2018-11-14T08:25:48&amp;apos;
System info: host: &amp;apos;LIN76001907&amp;apos;, ip: &amp;apos;192.168.225.181&amp;apos;, os.name: &amp;apos;Windows 10&amp;apos;, os.arch: &amp;apos;amd64&amp;apos;, os.version: &amp;apos;10.0&amp;apos;, java.version: &amp;apos;11.0.11&amp;apos;
Driver info: org.openqa.selenium.chrome.ChromeDriver
Capabilities {acceptInsecureCerts: false, browserName: chrome, browserVersion: 90.0.4430.212, chrome: {chromedriverVersion: 90.0.4430.24 (4c6d850f087da..., userDataDir: C:\Users\deepig\AppData\Loc...}, goog:chromeOptions: {debuggerAddress: localhost:64586}, javascriptEnabled: true, networkConnectionEnabled: false, pageLoadStrategy: normal, platform: WINDOWS, platformName: WINDOWS, proxy: Proxy(), setWindowRect: true, strictFileInteractability: false, timeouts: {implicit: 0, pageLoad: 300000, script: 30000}, unhandledPromptBehavior: dismiss and notify, webauthn:extension:largeBlob: true, webauthn:virtualAuthenticators: true}
Session ID: 57a5a645d56e1caf3f9f1036e05cb013
*** Element info: {Using=xpath, value=//a[@title=&amp;apos;Why Not Me? A Feeling of Millions (English)&amp;apos;]}">
      <![CDATA[org.openqa.selenium.NoSuchElementException: no such element: Unable to locate element: {"method":"xpath","selector":"//a[@title='Why Not Me? A Feeling of Millions (English)']"}
  (Session info: chrome=90.0.4430.212)
For documentation on this error, please visit: https://www.seleniumhq.org/exceptions/no_such_element.html
Build info: version: '3.141.59', revision: 'e82be7d358', time: '2018-11-14T08:25:48'
System info: host: 'LIN76001907', ip: '192.168.225.181', os.name: 'Windows 10', os.arch: 'amd64', os.version: '10.0', java.version: '11.0.11'
Driver info: org.openqa.selenium.chrome.ChromeDriver
Capabilities {acceptInsecureCerts: false, browserName: chrome, browserVersion: 90.0.4430.212, chrome: {chromedriverVersion: 90.0.4430.24 (4c6d850f087da..., userDataDir: C:\Users\deepig\AppData\Loc...}, goog:chromeOptions: {debuggerAddress: localhost:64586}, javascriptEnabled: true, networkConnectionEnabled: false, pageLoadStrategy: normal, platform: WINDOWS, platformName: WINDOWS, proxy: Proxy(), setWindowRect: true, strictFileInteractability: false, timeouts: {implicit: 0, pageLoad: 300000, script: 30000}, unhandledPromptBehavior: dismiss and notify, webauthn:extension:largeBlob: true, webauthn:virtualAuthenticators: true}
Session ID: 57a5a645d56e1caf3f9f1036e05cb013
*** Element info: {Using=xpath, value=//a[@title='Why Not Me? A Feeling of Millions (English)']}
at org.openqa.selenium.remote.http.W3CHttpResponseCodec.createException(W3CHttpResponseCodec.java:187)
at org.openqa.selenium.remote.http.W3CHttpResponseCodec.decode(W3CHttpResponseCodec.java:122)
at org.openqa.selenium.remote.http.W3CHttpResponseCodec.decode(W3CHttpResponseCodec.java:49)
at org.openqa.selenium.remote.HttpCommandExecutor.execute(HttpCommandExecutor.java:158)
at org.openqa.selenium.remote.service.DriverCommandExecutor.execute(DriverCommandExecutor.java:83)
at org.openqa.selenium.remote.RemoteWebDriver.execute(RemoteWebDriver.java:552)
at org.openqa.selenium.remote.RemoteWebDriver.findElement(RemoteWebDriver.java:323)
at org.openqa.selenium.remote.RemoteWebDriver.findElementByXPath(RemoteWebDriver.java:428)
at org.openqa.selenium.By$ByXPath.findElement(By.java:353)
at org.openqa.selenium.remote.RemoteWebDriver.findElement(RemoteWebDriver.java:315)
at org.openqa.selenium.support.pagefactory.DefaultElementLocator.findElement(DefaultElementLocator.java:69)
at org.openqa.selenium.support.pagefactory.internal.LocatingElementHandler.invoke(LocatingElementHandler.java:38)
at com.sun.proxy.$Proxy17.click(Unknown Source)
at org.pages.BookSearch.selectBook(BookSearch.java:108)
at org.tests.BookResultTest.setUp(BookResultTest.java:38)
at java.base/java.util.ArrayList.forEach(ArrayList.java:1541)
... Removed 35 stack frames]]>
    </failure>
  </testcase> <!-- @BeforeMethod setUp -->
  <testcase classname="org.tests.BookResultTest" name="@AfterMethod TearDown" time="-1.622053932483E9">
    <skipped/>
  </testcase> <!-- @AfterMethod TearDown -->
  <testcase classname="org.tests.BookResultTest" name="@BeforeMethod setUp" time="-1.622053932485E9">
    <skipped/>
  </testcase> <!-- @BeforeMethod setUp -->
  <testcase classname="org.tests.BookResultTest" name="@AfterMethod TearDown" time="-1.622053932489E9">
    <skipped/>
  </testcase> <!-- @AfterMethod TearDown -->
  <testcase classname="org.tests.BookResultTest" name="@BeforeMethod setUp" time="-1.62205393249E9">
    <skipped/>
  </testcase> <!-- @BeforeMethod setUp -->
  <testcase classname="org.tests.BookResultTest" name="@AfterMethod TearDown" time="-1.622053932492E9">
    <skipped/>
  </testcase> <!-- @AfterMethod TearDown -->
  <testcase classname="org.tests.BookResultTest" name="@BeforeMethod setUp" time="-1.622053932492E9">
    <skipped/>
  </testcase> <!-- @BeforeMethod setUp -->
  <testcase classname="org.tests.BookResultTest" name="@AfterMethod TearDown" time="-1.622053932496E9">
    <skipped/>
  </testcase> <!-- @AfterMethod TearDown -->
  <testcase classname="org.tests.BookResultTest" name="@BeforeMethod setUp" time="-1.622053932497E9">
    <skipped/>
  </testcase> <!-- @BeforeMethod setUp -->
  <testcase classname="org.tests.BookResultTest" name="@AfterMethod TearDown" time="-1.6220539325E9">
    <skipped/>
  </testcase> <!-- @AfterMethod TearDown -->
  <testcase classname="org.tests.ApplianceResultTest" name="@BeforeMethod setUp" time="20.855">
    <failure type="org.openqa.selenium.json.JsonException" message="java.lang.reflect.InvocationTargetException
Build info: version: &amp;apos;3.141.59&amp;apos;, revision: &amp;apos;e82be7d358&amp;apos;, time: &amp;apos;2018-11-14T08:25:48&amp;apos;
System info: host: &amp;apos;LIN76001907&amp;apos;, ip: &amp;apos;192.168.225.181&amp;apos;, os.name: &amp;apos;Windows 10&amp;apos;, os.arch: &amp;apos;amd64&amp;apos;, os.version: &amp;apos;10.0&amp;apos;, java.version: &amp;apos;11.0.11&amp;apos;
Driver info: driver.version: RemoteWebDriver">
      <![CDATA[org.openqa.selenium.json.JsonException: java.lang.reflect.InvocationTargetException
Build info: version: '3.141.59', revision: 'e82be7d358', time: '2018-11-14T08:25:48'
System info: host: 'LIN76001907', ip: '192.168.225.181', os.name: 'Windows 10', os.arch: 'amd64', os.version: '10.0', java.version: '11.0.11'
Driver info: driver.version: RemoteWebDriver
at org.openqa.selenium.json.JsonOutput.convertUsingMethod(JsonOutput.java:332)
at org.openqa.selenium.json.JsonOutput.lambda$new$16(JsonOutput.java:155)
at org.openqa.selenium.json.JsonOutput.write(JsonOutput.java:264)
at org.openqa.selenium.json.JsonOutput.lambda$null$21(JsonOutput.java:168)
at java.base/java.util.LinkedHashMap$LinkedValues.forEach(LinkedHashMap.java:608)
at org.openqa.selenium.json.JsonOutput.lambda$new$22(JsonOutput.java:168)
at org.openqa.selenium.json.JsonOutput.write(JsonOutput.java:264)
at org.openqa.selenium.json.JsonOutput.lambda$null$23(JsonOutput.java:177)
at com.google.common.collect.SingletonImmutableBiMap.forEach(SingletonImmutableBiMap.java:65)
at org.openqa.selenium.json.JsonOutput.lambda$new$24(JsonOutput.java:176)
at org.openqa.selenium.json.JsonOutput.write(JsonOutput.java:264)
at org.openqa.selenium.json.JsonOutput.write(JsonOutput.java:255)
at org.openqa.selenium.json.Json.toJson(Json.java:42)
at org.openqa.selenium.remote.http.AbstractHttpCommandCodec.encode(AbstractHttpCommandCodec.java:227)
at org.openqa.selenium.remote.http.AbstractHttpCommandCodec.encode(AbstractHttpCommandCodec.java:117)
at org.openqa.selenium.remote.HttpCommandExecutor.execute(HttpCommandExecutor.java:152)
at org.openqa.selenium.remote.service.DriverCommandExecutor.execute(DriverCommandExecutor.java:83)
at org.openqa.selenium.remote.RemoteWebDriver.execute(RemoteWebDriver.java:552)
at org.openqa.selenium.remote.RemoteWebDriver.perform(RemoteWebDriver.java:618)
at org.openqa.selenium.interactions.Actions$BuiltAction.perform(Actions.java:639)
at org.pages.MouseHoverAppliance.clickOnApp(MouseHoverAppliance.java:29)
at org.tests.ApplianceResultTest.setUp(ApplianceResultTest.java:28)
at java.base/java.util.ArrayList.forEach(ArrayList.java:1541)
Suppressed: org.openqa.selenium.json.JsonException: Attempting to close incomplete json stream
Build info: version: '3.141.59', revision: 'e82be7d358', time: '2018-11-14T08:25:48'
System info: host: 'LIN76001907', ip: '192.168.225.181', os.name: 'Windows 10', os.arch: 'amd64', os.version: '10.0', java.version: '11.0.11'
Driver info: driver.version: RemoteWebDriver
at org.openqa.selenium.json.JsonOutput.close(JsonOutput.java:279)
at org.openqa.selenium.json.Json.toJson(Json.java:44)
... 41 more
at org.openqa.selenium.json.JsonOutput.convertUsingMethod(JsonOutput.java:328)
... 53 more
Caused by: org.openqa.selenium.NoSuchElementException: no such element: Unable to locate element: {"method":"xpath","selector":"//img[@alt='Appliances']"}
  (Session info: chrome=90.0.4430.212)
For documentation on this error, please visit: https://www.seleniumhq.org/exceptions/no_such_element.html
Build info: version: '3.141.59', revision: 'e82be7d358', time: '2018-11-14T08:25:48'
System info: host: 'LIN76001907', ip: '192.168.225.181', os.name: 'Windows 10', os.arch: 'amd64', os.version: '10.0', java.version: '11.0.11'
Driver info: org.openqa.selenium.chrome.ChromeDriver
Capabilities {acceptInsecureCerts: false, browserName: chrome, browserVersion: 90.0.4430.212, chrome: {chromedriverVersion: 90.0.4430.24 (4c6d850f087da..., userDataDir: C:\Users\deepig\AppData\Loc...}, goog:chromeOptions: {debuggerAddress: localhost:64744}, javascriptEnabled: true, networkConnectionEnabled: false, pageLoadStrategy: normal, platform: WINDOWS, platformName: WINDOWS, proxy: Proxy(), setWindowRect: true, strictFileInteractability: false, timeouts: {implicit: 0, pageLoad: 300000, script: 30000}, unhandledPromptBehavior: dismiss and notify, webauthn:extension:largeBlob: true, webauthn:virtualAuthenticators: true}
Session ID: 563ca4d28ea8485b40d702cd95a00287
*** Element info: {Using=xpath, value=//img[@alt='Appliances']}
at org.openqa.selenium.remote.http.W3CHttpResponseCodec.createException(W3CHttpResponseCodec.java:187)
at org.openqa.selenium.remote.http.W3CHttpResponseCodec.decode(W3CHttpResponseCodec.java:122)
at org.openqa.selenium.remote.http.W3CHttpResponseCodec.decode(W3CHttpResponseCodec.java:49)
at org.openqa.selenium.remote.HttpCommandExecutor.execute(HttpCommandExecutor.java:158)
at org.openqa.selenium.remote.service.DriverCommandExecutor.execute(DriverCommandExecutor.java:83)
at org.openqa.selenium.remote.RemoteWebDriver.execute(RemoteWebDriver.java:552)
at org.openqa.selenium.remote.RemoteWebDriver.findElement(RemoteWebDriver.java:323)
at org.openqa.selenium.remote.RemoteWebDriver.findElementByXPath(RemoteWebDriver.java:428)
at org.openqa.selenium.By$ByXPath.findElement(By.java:353)
at org.openqa.selenium.remote.RemoteWebDriver.findElement(RemoteWebDriver.java:315)
at org.openqa.selenium.support.pagefactory.DefaultElementLocator.findElement(DefaultElementLocator.java:69)
at org.openqa.selenium.support.pagefactory.internal.LocatingElementHandler.invoke(LocatingElementHandler.java:38)
at com.sun.proxy.$Proxy17.getWrappedElement(Unknown Source)
at org.openqa.selenium.interactions.PointerInput$Origin.asArg(PointerInput.java:204)
at org.openqa.selenium.interactions.PointerInput$Move.encode(PointerInput.java:155)
at org.openqa.selenium.interactions.Sequence.encode(Sequence.java:75)
at org.openqa.selenium.interactions.Sequence.toJson(Sequence.java:84)
... 57 more
... Removed 39 stack frames]]>
    </failure>
  </testcase> <!-- @BeforeMethod setUp -->
  <testcase classname="org.tests.ApplianceResultTest" name="@AfterMethod close" time="-1.622053976023E9">
    <skipped/>
  </testcase> <!-- @AfterMethod close -->
  <testcase classname="org.tests.ApplianceResultTest" name="@BeforeMethod setUp" time="-1.622053976025E9">
    <skipped/>
  </testcase> <!-- @BeforeMethod setUp -->
  <testcase classname="org.tests.ApplianceResultTest" name="@AfterMethod close" time="-1.622053976028E9">
    <skipped/>
  </testcase> <!-- @AfterMethod close -->
  <testcase classname="org.tests.ApplianceResultTest" name="@BeforeMethod setUp" time="-1.622053976029E9">
    <skipped/>
  </testcase> <!-- @BeforeMethod setUp -->
  <testcase classname="org.tests.ApplianceResultTest" name="@AfterMethod close" time="-1.622053976031E9">
    <skipped/>
  </testcase> <!-- @AfterMethod close -->
  <testcase classname="org.tests.ApplianceResultTest" name="@BeforeMethod setUp" time="-1.622053976033E9">
    <skipped/>
  </testcase> <!-- @BeforeMethod setUp -->
  <testcase classname="org.tests.ApplianceResultTest" name="@AfterMethod close" time="-1.622053976037E9">
    <skipped/>
  </testcase> <!-- @AfterMethod close -->
  <testcase classname="org.tests.ApplianceResultTest" name="@BeforeMethod setUp" time="-1.622053976038E9">
    <skipped/>
  </testcase> <!-- @BeforeMethod setUp -->
  <testcase classname="org.tests.ApplianceResultTest" name="@AfterMethod close" time="-1.622053976041E9">
    <skipped/>
  </testcase> <!-- @AfterMethod close -->
  <testcase classname="org.tests.ApplianceResultTest" name="@BeforeMethod setUp" time="-1.622053976043E9">
    <skipped/>
  </testcase> <!-- @BeforeMethod setUp -->
  <testcase classname="org.tests.ApplianceResultTest" name="@AfterMethod close" time="-1.622053976047E9">
    <skipped/>
  </testcase> <!-- @AfterMethod close -->
  <testcase classname="org.tests.ApplianceResultTest" name="@BeforeMethod setUp" time="-1.622053976048E9">
    <skipped/>
  </testcase> <!-- @BeforeMethod setUp -->
  <testcase classname="org.tests.ApplianceResultTest" name="@AfterMethod close" time="-1.622053976052E9">
    <skipped/>
  </testcase> <!-- @AfterMethod close -->
  <testcase classname="org.tests.ApplianceResultTest" name="@BeforeMethod setUp" time="-1.622053976054E9">
    <skipped/>
  </testcase> <!-- @BeforeMethod setUp -->
  <testcase classname="org.tests.ApplianceResultTest" name="@AfterMethod close" time="-1.622053976059E9">
    <skipped/>
  </testcase> <!-- @AfterMethod close -->
  <testcase classname="org.tests.ApplianceFinalTest" name="@BeforeMethod setUp" time="23.22">
    <failure type="org.openqa.selenium.json.JsonException" message="java.lang.reflect.InvocationTargetException
Build info: version: &amp;apos;3.141.59&amp;apos;, revision: &amp;apos;e82be7d358&amp;apos;, time: &amp;apos;2018-11-14T08:25:48&amp;apos;
System info: host: &amp;apos;LIN76001907&amp;apos;, ip: &amp;apos;192.168.225.181&amp;apos;, os.name: &amp;apos;Windows 10&amp;apos;, os.arch: &amp;apos;amd64&amp;apos;, os.version: &amp;apos;10.0&amp;apos;, java.version: &amp;apos;11.0.11&amp;apos;
Driver info: driver.version: RemoteWebDriver">
      <![CDATA[org.openqa.selenium.json.JsonException: java.lang.reflect.InvocationTargetException
Build info: version: '3.141.59', revision: 'e82be7d358', time: '2018-11-14T08:25:48'
System info: host: 'LIN76001907', ip: '192.168.225.181', os.name: 'Windows 10', os.arch: 'amd64', os.version: '10.0', java.version: '11.0.11'
Driver info: driver.version: RemoteWebDriver
at org.openqa.selenium.json.JsonOutput.convertUsingMethod(JsonOutput.java:332)
at org.openqa.selenium.json.JsonOutput.lambda$new$16(JsonOutput.java:155)
at org.openqa.selenium.json.JsonOutput.write(JsonOutput.java:264)
at org.openqa.selenium.json.JsonOutput.lambda$null$21(JsonOutput.java:168)
at java.base/java.util.LinkedHashMap$LinkedValues.forEach(LinkedHashMap.java:608)
at org.openqa.selenium.json.JsonOutput.lambda$new$22(JsonOutput.java:168)
at org.openqa.selenium.json.JsonOutput.write(JsonOutput.java:264)
at org.openqa.selenium.json.JsonOutput.lambda$null$23(JsonOutput.java:177)
at com.google.common.collect.SingletonImmutableBiMap.forEach(SingletonImmutableBiMap.java:65)
at org.openqa.selenium.json.JsonOutput.lambda$new$24(JsonOutput.java:176)
at org.openqa.selenium.json.JsonOutput.write(JsonOutput.java:264)
at org.openqa.selenium.json.JsonOutput.write(JsonOutput.java:255)
at org.openqa.selenium.json.Json.toJson(Json.java:42)
at org.openqa.selenium.remote.http.AbstractHttpCommandCodec.encode(AbstractHttpCommandCodec.java:227)
at org.openqa.selenium.remote.http.AbstractHttpCommandCodec.encode(AbstractHttpCommandCodec.java:117)
at org.openqa.selenium.remote.HttpCommandExecutor.execute(HttpCommandExecutor.java:152)
at org.openqa.selenium.remote.service.DriverCommandExecutor.execute(DriverCommandExecutor.java:83)
at org.openqa.selenium.remote.RemoteWebDriver.execute(RemoteWebDriver.java:552)
at org.openqa.selenium.remote.RemoteWebDriver.perform(RemoteWebDriver.java:618)
at org.openqa.selenium.interactions.Actions$BuiltAction.perform(Actions.java:639)
at org.pages.MouseHoverAppliance.clickOnApp(MouseHoverAppliance.java:29)
at org.tests.ApplianceFinalTest.setUp(ApplianceFinalTest.java:31)
at java.base/java.util.ArrayList.forEach(ArrayList.java:1541)
Suppressed: org.openqa.selenium.json.JsonException: Attempting to close incomplete json stream
Build info: version: '3.141.59', revision: 'e82be7d358', time: '2018-11-14T08:25:48'
System info: host: 'LIN76001907', ip: '192.168.225.181', os.name: 'Windows 10', os.arch: 'amd64', os.version: '10.0', java.version: '11.0.11'
Driver info: driver.version: RemoteWebDriver
at org.openqa.selenium.json.JsonOutput.close(JsonOutput.java:279)
at org.openqa.selenium.json.Json.toJson(Json.java:44)
... 41 more
at org.openqa.selenium.json.JsonOutput.convertUsingMethod(JsonOutput.java:328)
... 53 more
Caused by: org.openqa.selenium.NoSuchElementException: no such element: Unable to locate element: {"method":"xpath","selector":"//img[@alt='Appliances']"}
  (Session info: chrome=90.0.4430.212)
For documentation on this error, please visit: https://www.seleniumhq.org/exceptions/no_such_element.html
Build info: version: '3.141.59', revision: 'e82be7d358', time: '2018-11-14T08:25:48'
System info: host: 'LIN76001907', ip: '192.168.225.181', os.name: 'Windows 10', os.arch: 'amd64', os.version: '10.0', java.version: '11.0.11'
Driver info: org.openqa.selenium.chrome.ChromeDriver
Capabilities {acceptInsecureCerts: false, browserName: chrome, browserVersion: 90.0.4430.212, chrome: {chromedriverVersion: 90.0.4430.24 (4c6d850f087da..., userDataDir: C:\Users\deepig\AppData\Loc...}, goog:chromeOptions: {debuggerAddress: localhost:64868}, javascriptEnabled: true, networkConnectionEnabled: false, pageLoadStrategy: normal, platform: WINDOWS, platformName: WINDOWS, proxy: Proxy(), setWindowRect: true, strictFileInteractability: false, timeouts: {implicit: 0, pageLoad: 300000, script: 30000}, unhandledPromptBehavior: dismiss and notify, webauthn:extension:largeBlob: true, webauthn:virtualAuthenticators: true}
Session ID: e2da3ae663178f74fa5ae58ff21480a1
*** Element info: {Using=xpath, value=//img[@alt='Appliances']}
at org.openqa.selenium.remote.http.W3CHttpResponseCodec.createException(W3CHttpResponseCodec.java:187)
at org.openqa.selenium.remote.http.W3CHttpResponseCodec.decode(W3CHttpResponseCodec.java:122)
at org.openqa.selenium.remote.http.W3CHttpResponseCodec.decode(W3CHttpResponseCodec.java:49)
at org.openqa.selenium.remote.HttpCommandExecutor.execute(HttpCommandExecutor.java:158)
at org.openqa.selenium.remote.service.DriverCommandExecutor.execute(DriverCommandExecutor.java:83)
at org.openqa.selenium.remote.RemoteWebDriver.execute(RemoteWebDriver.java:552)
at org.openqa.selenium.remote.RemoteWebDriver.findElement(RemoteWebDriver.java:323)
at org.openqa.selenium.remote.RemoteWebDriver.findElementByXPath(RemoteWebDriver.java:428)
at org.openqa.selenium.By$ByXPath.findElement(By.java:353)
at org.openqa.selenium.remote.RemoteWebDriver.findElement(RemoteWebDriver.java:315)
at org.openqa.selenium.support.pagefactory.DefaultElementLocator.findElement(DefaultElementLocator.java:69)
at org.openqa.selenium.support.pagefactory.internal.LocatingElementHandler.invoke(LocatingElementHandler.java:38)
at com.sun.proxy.$Proxy17.getWrappedElement(Unknown Source)
at org.openqa.selenium.interactions.PointerInput$Origin.asArg(PointerInput.java:204)
at org.openqa.selenium.interactions.PointerInput$Move.encode(PointerInput.java:155)
at org.openqa.selenium.interactions.Sequence.encode(Sequence.java:75)
at org.openqa.selenium.interactions.Sequence.toJson(Sequence.java:84)
... 57 more
... Removed 39 stack frames]]>
    </failure>
  </testcase> <!-- @BeforeMethod setUp -->
  <testcase classname="org.tests.ApplianceFinalTest" name="@AfterMethod close" time="-1.622053999301E9">
    <skipped/>
  </testcase> <!-- @AfterMethod close -->
  <testcase classname="org.tests.ApplianceFinalTest" name="@BeforeMethod setUp" time="-1.62205399931E9">
    <skipped/>
  </testcase> <!-- @BeforeMethod setUp -->
  <testcase classname="org.tests.ApplianceFinalTest" name="@AfterMethod close" time="-1.622053999321E9">
    <skipped/>
  </testcase> <!-- @AfterMethod close -->
  <testcase classname="org.tests.ApplianceFinalTest" name="@BeforeMethod setUp" time="-1.622053999329E9">
    <skipped/>
  </testcase> <!-- @BeforeMethod setUp -->
  <testcase classname="org.tests.ApplianceFinalTest" name="@AfterMethod close" time="-1.622053999339E9">
    <skipped/>
  </testcase> <!-- @AfterMethod close -->
  <testcase classname="org.tests.ApplianceFinalTest" name="@BeforeMethod setUp" time="-1.622053999343E9">
    <skipped/>
  </testcase> <!-- @BeforeMethod setUp -->
  <testcase classname="org.tests.ApplianceFinalTest" name="@AfterMethod close" time="-1.622053999366E9">
    <skipped/>
  </testcase> <!-- @AfterMethod close -->
  <testcase classname="org.tests.LoginTest" name="LoginpageTitle" time="0.057"/>
  <testcase classname="org.tests.LoginTest" name="validateLogo" time="3.088"/>
  <testcase classname="org.tests.LoginTest" name="login_with_valid_vals" time="3.771"/>
  <testcase classname="org.tests.LoginTest" name="login_with_invalid_vals" time="6.768"/>
  <testcase classname="org.tests.LoginTest" name="forgot_pass" time="3.456"/>
  <testcase classname="org.tests.LoginTest" name="create_Account" time="3.496"/>
  <testcase classname="org.tests.HomePageTest" name="LoginpageTitle" time="0.027"/>
  <testcase classname="org.tests.HomePageTest" name="validateLogo" time="0.086"/>
  <testcase classname="org.tests.HomePageTest" name="searchbox" time="0.066"/>
  <testcase classname="org.tests.HomePageTest" name="MobileOptionsClick" time="10.124"/>
  <testcase classname="org.tests.HomePageTest" name="cartBtns" time="0.056"/>
  <testcase classname="org.tests.HomePageTest" name="my_account" time="2.473"/>
  <testcase classname="org.tests.HomePageTest" name="more" time="0.046"/>
  <testcase classname="org.tests.HomePageTest" name="cartClick" time="3.134"/>
  <testcase classname="org.tests.HomePageTest" name="sreach" time="6.232"/>
  <testcase classname="org.tests.SearchTest" name="max_vals" time="18.508"/>
  <testcase classname="org.tests.SearchTest" name="min_vals" time="18.503"/>
  <testcase classname="org.tests.SearchTest" name="sreachPageTitle" time="6.027"/>
  <testcase classname="org.tests.SearchTest" name="assured_flipkart" time="3.15"/>
  <testcase classname="org.tests.SearchTest" name="brand_dropdown" time="9.367"/>
  <testcase classname="org.tests.SearchTest" name="customer_ratings" time="9.23"/>
  <testcase classname="org.tests.SearchTest" name="internal_store" time="0.026"/>
  <testcase classname="org.tests.SearchTest" name="battery_Capacity" time="0.038"/>
  <testcase classname="org.tests.SearchTest" name="number_Product" time="6.107"/>
  <testcase classname="org.tests.SearchTest" name="sel_Product" time="7.002"/>
  <testcase classname="org.tests.SearchResultTest" name="sreachPageTitle" time="6.051"/>
  <testcase classname="org.tests.SearchResultTest" name="product_name" time="3.063"/>
  <testcase classname="org.tests.SearchResultTest" name="apple_logo" time="3.073"/>
  <testcase classname="org.tests.SearchResultTest" name="pin_code" time="3.145"/>
  <testcase classname="org.tests.SearchResultTest" name="add_to_cart" time="6.111"/>
  <testcase classname="org.tests.SearchResultTest" name="buy_Now" time="16.111">
    <failure type="java.lang.AssertionError" message="expected [Flipkart.com: Secure Payment: Login &amp;gt; Select Shipping Address &amp;gt; Review Order &amp;gt; Place Order] but found [APPLE iPhone 11 ( 64 GB Storage, 0 GB RAM ) Online at Best Price On Flipkart.com]">
      <![CDATA[java.lang.AssertionError: expected [Flipkart.com: Secure Payment: Login > Select Shipping Address > Review Order > Place Order] but found [APPLE iPhone 11 ( 64 GB Storage, 0 GB RAM ) Online at Best Price On Flipkart.com]
at org.tests.SearchResultTest.buy_Now(SearchResultTest.java:66)
at java.base/java.util.ArrayList.forEach(ArrayList.java:1541)
... Removed 33 stack frames]]>
    </failure>
  </testcase> <!-- buy_Now -->
  <testcase classname="org.tests.CartPageTest" name="sreachPageTitle" time="6.04"/>
  <testcase classname="org.tests.CartPageTest" name="pincodesval" time="6.176"/>
  <testcase classname="org.tests.CartPageTest" name="mobile_image" time="0.032"/>
  <testcase classname="org.tests.CartPageTest" name="save_me_later" time="16.16">
    <failure type="org.openqa.selenium.NoSuchElementException" message="no such element: Unable to locate element: {&amp;quot;method&amp;quot;:&amp;quot;xpath&amp;quot;,&amp;quot;selector&amp;quot;:&amp;quot;//img[@class=&amp;apos;_2giOt4&amp;apos;]&amp;quot;}
  (Session info: chrome=90.0.4430.212)
For documentation on this error, please visit: https://www.seleniumhq.org/exceptions/no_such_element.html
Build info: version: &amp;apos;3.141.59&amp;apos;, revision: &amp;apos;e82be7d358&amp;apos;, time: &amp;apos;2018-11-14T08:25:48&amp;apos;
System info: host: &amp;apos;LIN76001907&amp;apos;, ip: &amp;apos;192.168.225.181&amp;apos;, os.name: &amp;apos;Windows 10&amp;apos;, os.arch: &amp;apos;amd64&amp;apos;, os.version: &amp;apos;10.0&amp;apos;, java.version: &amp;apos;11.0.11&amp;apos;
Driver info: org.openqa.selenium.chrome.ChromeDriver
Capabilities {acceptInsecureCerts: false, browserName: chrome, browserVersion: 90.0.4430.212, chrome: {chromedriverVersion: 90.0.4430.24 (4c6d850f087da..., userDataDir: C:\Users\deepig\AppData\Loc...}, goog:chromeOptions: {debuggerAddress: localhost:61407}, javascriptEnabled: true, networkConnectionEnabled: false, pageLoadStrategy: normal, platform: WINDOWS, platformName: WINDOWS, proxy: Proxy(), setWindowRect: true, strictFileInteractability: false, timeouts: {implicit: 0, pageLoad: 300000, script: 30000}, unhandledPromptBehavior: dismiss and notify, webauthn:extension:largeBlob: true, webauthn:virtualAuthenticators: true}
Session ID: e271e61a5957bf5ef7dab3f56a97ad0c
*** Element info: {Using=xpath, value=//img[@class=&amp;apos;_2giOt4&amp;apos;]}">
      <![CDATA[org.openqa.selenium.NoSuchElementException: no such element: Unable to locate element: {"method":"xpath","selector":"//img[@class='_2giOt4']"}
  (Session info: chrome=90.0.4430.212)
For documentation on this error, please visit: https://www.seleniumhq.org/exceptions/no_such_element.html
Build info: version: '3.141.59', revision: 'e82be7d358', time: '2018-11-14T08:25:48'
System info: host: 'LIN76001907', ip: '192.168.225.181', os.name: 'Windows 10', os.arch: 'amd64', os.version: '10.0', java.version: '11.0.11'
Driver info: org.openqa.selenium.chrome.ChromeDriver
Capabilities {acceptInsecureCerts: false, browserName: chrome, browserVersion: 90.0.4430.212, chrome: {chromedriverVersion: 90.0.4430.24 (4c6d850f087da..., userDataDir: C:\Users\deepig\AppData\Loc...}, goog:chromeOptions: {debuggerAddress: localhost:61407}, javascriptEnabled: true, networkConnectionEnabled: false, pageLoadStrategy: normal, platform: WINDOWS, platformName: WINDOWS, proxy: Proxy(), setWindowRect: true, strictFileInteractability: false, timeouts: {implicit: 0, pageLoad: 300000, script: 30000}, unhandledPromptBehavior: dismiss and notify, webauthn:extension:largeBlob: true, webauthn:virtualAuthenticators: true}
Session ID: e271e61a5957bf5ef7dab3f56a97ad0c
*** Element info: {Using=xpath, value=//img[@class='_2giOt4']}
at org.openqa.selenium.remote.http.W3CHttpResponseCodec.createException(W3CHttpResponseCodec.java:187)
at org.openqa.selenium.remote.http.W3CHttpResponseCodec.decode(W3CHttpResponseCodec.java:122)
at org.openqa.selenium.remote.http.W3CHttpResponseCodec.decode(W3CHttpResponseCodec.java:49)
at org.openqa.selenium.remote.HttpCommandExecutor.execute(HttpCommandExecutor.java:158)
at org.openqa.selenium.remote.service.DriverCommandExecutor.execute(DriverCommandExecutor.java:83)
at org.openqa.selenium.remote.RemoteWebDriver.execute(RemoteWebDriver.java:552)
at org.openqa.selenium.remote.RemoteWebDriver.findElement(RemoteWebDriver.java:323)
at org.openqa.selenium.remote.RemoteWebDriver.findElementByXPath(RemoteWebDriver.java:428)
at org.openqa.selenium.By$ByXPath.findElement(By.java:353)
at org.openqa.selenium.remote.RemoteWebDriver.findElement(RemoteWebDriver.java:315)
at org.openqa.selenium.support.pagefactory.DefaultElementLocator.findElement(DefaultElementLocator.java:69)
at org.openqa.selenium.support.pagefactory.internal.LocatingElementHandler.invoke(LocatingElementHandler.java:38)
at com.sun.proxy.$Proxy17.isDisplayed(Unknown Source)
at org.pages.CartPage.savelaterlist(CartPage.java:76)
at org.tests.CartPageTest.save_me_later(CartPageTest.java:55)
at java.base/java.util.ArrayList.forEach(ArrayList.java:1541)
... Removed 31 stack frames]]>
    </failure>
  </testcase> <!-- save_me_later -->
  <testcase classname="org.tests.CartPageTest" name="move_to_cart" time="13.087">
    <failure type="org.openqa.selenium.NoSuchElementException" message="no such element: Unable to locate element: {&amp;quot;method&amp;quot;:&amp;quot;xpath&amp;quot;,&amp;quot;selector&amp;quot;:&amp;quot;//div[normalize-space()=&amp;apos;Move to cart&amp;apos;]&amp;quot;}
  (Session info: chrome=90.0.4430.212)
For documentation on this error, please visit: https://www.seleniumhq.org/exceptions/no_such_element.html
Build info: version: &amp;apos;3.141.59&amp;apos;, revision: &amp;apos;e82be7d358&amp;apos;, time: &amp;apos;2018-11-14T08:25:48&amp;apos;
System info: host: &amp;apos;LIN76001907&amp;apos;, ip: &amp;apos;192.168.225.181&amp;apos;, os.name: &amp;apos;Windows 10&amp;apos;, os.arch: &amp;apos;amd64&amp;apos;, os.version: &amp;apos;10.0&amp;apos;, java.version: &amp;apos;11.0.11&amp;apos;
Driver info: org.openqa.selenium.chrome.ChromeDriver
Capabilities {acceptInsecureCerts: false, browserName: chrome, browserVersion: 90.0.4430.212, chrome: {chromedriverVersion: 90.0.4430.24 (4c6d850f087da..., userDataDir: C:\Users\deepig\AppData\Loc...}, goog:chromeOptions: {debuggerAddress: localhost:61407}, javascriptEnabled: true, networkConnectionEnabled: false, pageLoadStrategy: normal, platform: WINDOWS, platformName: WINDOWS, proxy: Proxy(), setWindowRect: true, strictFileInteractability: false, timeouts: {implicit: 0, pageLoad: 300000, script: 30000}, unhandledPromptBehavior: dismiss and notify, webauthn:extension:largeBlob: true, webauthn:virtualAuthenticators: true}
Session ID: e271e61a5957bf5ef7dab3f56a97ad0c
*** Element info: {Using=xpath, value=//div[normalize-space()=&amp;apos;Move to cart&amp;apos;]}">
      <![CDATA[org.openqa.selenium.NoSuchElementException: no such element: Unable to locate element: {"method":"xpath","selector":"//div[normalize-space()='Move to cart']"}
  (Session info: chrome=90.0.4430.212)
For documentation on this error, please visit: https://www.seleniumhq.org/exceptions/no_such_element.html
Build info: version: '3.141.59', revision: 'e82be7d358', time: '2018-11-14T08:25:48'
System info: host: 'LIN76001907', ip: '192.168.225.181', os.name: 'Windows 10', os.arch: 'amd64', os.version: '10.0', java.version: '11.0.11'
Driver info: org.openqa.selenium.chrome.ChromeDriver
Capabilities {acceptInsecureCerts: false, browserName: chrome, browserVersion: 90.0.4430.212, chrome: {chromedriverVersion: 90.0.4430.24 (4c6d850f087da..., userDataDir: C:\Users\deepig\AppData\Loc...}, goog:chromeOptions: {debuggerAddress: localhost:61407}, javascriptEnabled: true, networkConnectionEnabled: false, pageLoadStrategy: normal, platform: WINDOWS, platformName: WINDOWS, proxy: Proxy(), setWindowRect: true, strictFileInteractability: false, timeouts: {implicit: 0, pageLoad: 300000, script: 30000}, unhandledPromptBehavior: dismiss and notify, webauthn:extension:largeBlob: true, webauthn:virtualAuthenticators: true}
Session ID: e271e61a5957bf5ef7dab3f56a97ad0c
*** Element info: {Using=xpath, value=//div[normalize-space()='Move to cart']}
at org.openqa.selenium.remote.http.W3CHttpResponseCodec.createException(W3CHttpResponseCodec.java:187)
at org.openqa.selenium.remote.http.W3CHttpResponseCodec.decode(W3CHttpResponseCodec.java:122)
at org.openqa.selenium.remote.http.W3CHttpResponseCodec.decode(W3CHttpResponseCodec.java:49)
at org.openqa.selenium.remote.HttpCommandExecutor.execute(HttpCommandExecutor.java:158)
at org.openqa.selenium.remote.service.DriverCommandExecutor.execute(DriverCommandExecutor.java:83)
at org.openqa.selenium.remote.RemoteWebDriver.execute(RemoteWebDriver.java:552)
at org.openqa.selenium.remote.RemoteWebDriver.findElement(RemoteWebDriver.java:323)
at org.openqa.selenium.remote.RemoteWebDriver.findElementByXPath(RemoteWebDriver.java:428)
at org.openqa.selenium.By$ByXPath.findElement(By.java:353)
at org.openqa.selenium.remote.RemoteWebDriver.findElement(RemoteWebDriver.java:315)
at org.openqa.selenium.support.pagefactory.DefaultElementLocator.findElement(DefaultElementLocator.java:69)
at org.openqa.selenium.support.pagefactory.internal.LocatingElementHandler.invoke(LocatingElementHandler.java:38)
at com.sun.proxy.$Proxy17.click(Unknown Source)
at org.pages.CartPage.movetocart(CartPage.java:82)
at org.tests.CartPageTest.move_to_cart(CartPageTest.java:60)
at java.base/java.util.ArrayList.forEach(ArrayList.java:1541)
... Removed 31 stack frames]]>
    </failure>
  </testcase> <!-- move_to_cart -->
  <testcase classname="org.tests.CartPageTest" name="remove_from_list" time="4.101">
    <failure type="org.openqa.selenium.ElementClickInterceptedException" message="element click intercepted: Element &amp;lt;div class=&amp;quot;_3dsJAO&amp;quot;&amp;gt;...&amp;lt;/div&amp;gt; is not clickable at point (200, 555). Other element would receive the click: &amp;lt;div class=&amp;quot;VUS-tD eBV0fb&amp;quot;&amp;gt;...&amp;lt;/div&amp;gt;
  (Session info: chrome=90.0.4430.212)
Build info: version: &amp;apos;3.141.59&amp;apos;, revision: &amp;apos;e82be7d358&amp;apos;, time: &amp;apos;2018-11-14T08:25:48&amp;apos;
System info: host: &amp;apos;LIN76001907&amp;apos;, ip: &amp;apos;192.168.225.181&amp;apos;, os.name: &amp;apos;Windows 10&amp;apos;, os.arch: &amp;apos;amd64&amp;apos;, os.version: &amp;apos;10.0&amp;apos;, java.version: &amp;apos;11.0.11&amp;apos;
Driver info: org.openqa.selenium.chrome.ChromeDriver
Capabilities {acceptInsecureCerts: false, browserName: chrome, browserVersion: 90.0.4430.212, chrome: {chromedriverVersion: 90.0.4430.24 (4c6d850f087da..., userDataDir: C:\Users\deepig\AppData\Loc...}, goog:chromeOptions: {debuggerAddress: localhost:61407}, javascriptEnabled: true, networkConnectionEnabled: false, pageLoadStrategy: normal, platform: WINDOWS, platformName: WINDOWS, proxy: Proxy(), setWindowRect: true, strictFileInteractability: false, timeouts: {implicit: 0, pageLoad: 300000, script: 30000}, unhandledPromptBehavior: dismiss and notify, webauthn:extension:largeBlob: true, webauthn:virtualAuthenticators: true}
Session ID: e271e61a5957bf5ef7dab3f56a97ad0c">
      <![CDATA[org.openqa.selenium.ElementClickInterceptedException: element click intercepted: Element <div class="_3dsJAO">...</div> is not clickable at point (200, 555). Other element would receive the click: <div class="VUS-tD eBV0fb">...</div>
  (Session info: chrome=90.0.4430.212)
Build info: version: '3.141.59', revision: 'e82be7d358', time: '2018-11-14T08:25:48'
System info: host: 'LIN76001907', ip: '192.168.225.181', os.name: 'Windows 10', os.arch: 'amd64', os.version: '10.0', java.version: '11.0.11'
Driver info: org.openqa.selenium.chrome.ChromeDriver
Capabilities {acceptInsecureCerts: false, browserName: chrome, browserVersion: 90.0.4430.212, chrome: {chromedriverVersion: 90.0.4430.24 (4c6d850f087da..., userDataDir: C:\Users\deepig\AppData\Loc...}, goog:chromeOptions: {debuggerAddress: localhost:61407}, javascriptEnabled: true, networkConnectionEnabled: false, pageLoadStrategy: normal, platform: WINDOWS, platformName: WINDOWS, proxy: Proxy(), setWindowRect: true, strictFileInteractability: false, timeouts: {implicit: 0, pageLoad: 300000, script: 30000}, unhandledPromptBehavior: dismiss and notify, webauthn:extension:largeBlob: true, webauthn:virtualAuthenticators: true}
Session ID: e271e61a5957bf5ef7dab3f56a97ad0c
at org.openqa.selenium.remote.http.W3CHttpResponseCodec.createException(W3CHttpResponseCodec.java:187)
at org.openqa.selenium.remote.http.W3CHttpResponseCodec.decode(W3CHttpResponseCodec.java:122)
at org.openqa.selenium.remote.http.W3CHttpResponseCodec.decode(W3CHttpResponseCodec.java:49)
at org.openqa.selenium.remote.HttpCommandExecutor.execute(HttpCommandExecutor.java:158)
at org.openqa.selenium.remote.service.DriverCommandExecutor.execute(DriverCommandExecutor.java:83)
at org.openqa.selenium.remote.RemoteWebDriver.execute(RemoteWebDriver.java:552)
at org.openqa.selenium.remote.RemoteWebElement.execute(RemoteWebElement.java:285)
at org.openqa.selenium.remote.RemoteWebElement.click(RemoteWebElement.java:84)
at org.openqa.selenium.support.pagefactory.internal.LocatingElementHandler.invoke(LocatingElementHandler.java:51)
at com.sun.proxy.$Proxy17.click(Unknown Source)
at org.pages.CartPage.removefromlist(CartPage.java:103)
at org.tests.CartPageTest.remove_from_list(CartPageTest.java:80)
at java.base/java.util.ArrayList.forEach(ArrayList.java:1541)
... Removed 34 stack frames]]>
    </failure>
  </testcase> <!-- remove_from_list -->
  <testcase classname="org.tests.CartPageTest" name="add_one_more" time="3.054"/>
  <testcase classname="org.tests.CartPageTest" name="minus_one" time="3.038"/>
  <testcase classname="org.tests.CartPageTest" name="place_orders" time="9.384"/>
  <testcase classname="org.tests.MobOptionsTest" name="searchPageTitle" time="0.05"/>
  <testcase classname="org.tests.MobOptionsTest" name="price" time="14.048">
    <failure type="org.openqa.selenium.NoSuchElementException" message="no such element: Unable to locate element: {&amp;quot;method&amp;quot;:&amp;quot;xpath&amp;quot;,&amp;quot;selector&amp;quot;:&amp;quot;//div[@class=&amp;apos;_1YAKP4&amp;apos;]//select[@class=&amp;apos;_2YxCDZ&amp;apos;]&amp;quot;}
  (Session info: chrome=90.0.4430.212)
For documentation on this error, please visit: https://www.seleniumhq.org/exceptions/no_such_element.html
Build info: version: &amp;apos;3.141.59&amp;apos;, revision: &amp;apos;e82be7d358&amp;apos;, time: &amp;apos;2018-11-14T08:25:48&amp;apos;
System info: host: &amp;apos;LIN76001907&amp;apos;, ip: &amp;apos;192.168.225.181&amp;apos;, os.name: &amp;apos;Windows 10&amp;apos;, os.arch: &amp;apos;amd64&amp;apos;, os.version: &amp;apos;10.0&amp;apos;, java.version: &amp;apos;11.0.11&amp;apos;
Driver info: org.openqa.selenium.chrome.ChromeDriver
Capabilities {acceptInsecureCerts: false, browserName: chrome, browserVersion: 90.0.4430.212, chrome: {chromedriverVersion: 90.0.4430.24 (4c6d850f087da..., userDataDir: C:\Users\deepig\AppData\Loc...}, goog:chromeOptions: {debuggerAddress: localhost:61520}, javascriptEnabled: true, networkConnectionEnabled: false, pageLoadStrategy: normal, platform: WINDOWS, platformName: WINDOWS, proxy: Proxy(), setWindowRect: true, strictFileInteractability: false, timeouts: {implicit: 0, pageLoad: 300000, script: 30000}, unhandledPromptBehavior: dismiss and notify, webauthn:extension:largeBlob: true, webauthn:virtualAuthenticators: true}
Session ID: 5195bccdabb6b25def6c09f95c350fbc
*** Element info: {Using=xpath, value=//div[@class=&amp;apos;_1YAKP4&amp;apos;]//select[@class=&amp;apos;_2YxCDZ&amp;apos;]}">
      <![CDATA[org.openqa.selenium.NoSuchElementException: no such element: Unable to locate element: {"method":"xpath","selector":"//div[@class='_1YAKP4']//select[@class='_2YxCDZ']"}
  (Session info: chrome=90.0.4430.212)
For documentation on this error, please visit: https://www.seleniumhq.org/exceptions/no_such_element.html
Build info: version: '3.141.59', revision: 'e82be7d358', time: '2018-11-14T08:25:48'
System info: host: 'LIN76001907', ip: '192.168.225.181', os.name: 'Windows 10', os.arch: 'amd64', os.version: '10.0', java.version: '11.0.11'
Driver info: org.openqa.selenium.chrome.ChromeDriver
Capabilities {acceptInsecureCerts: false, browserName: chrome, browserVersion: 90.0.4430.212, chrome: {chromedriverVersion: 90.0.4430.24 (4c6d850f087da..., userDataDir: C:\Users\deepig\AppData\Loc...}, goog:chromeOptions: {debuggerAddress: localhost:61520}, javascriptEnabled: true, networkConnectionEnabled: false, pageLoadStrategy: normal, platform: WINDOWS, platformName: WINDOWS, proxy: Proxy(), setWindowRect: true, strictFileInteractability: false, timeouts: {implicit: 0, pageLoad: 300000, script: 30000}, unhandledPromptBehavior: dismiss and notify, webauthn:extension:largeBlob: true, webauthn:virtualAuthenticators: true}
Session ID: 5195bccdabb6b25def6c09f95c350fbc
*** Element info: {Using=xpath, value=//div[@class='_1YAKP4']//select[@class='_2YxCDZ']}
at org.openqa.selenium.remote.http.W3CHttpResponseCodec.createException(W3CHttpResponseCodec.java:187)
at org.openqa.selenium.remote.http.W3CHttpResponseCodec.decode(W3CHttpResponseCodec.java:122)
at org.openqa.selenium.remote.http.W3CHttpResponseCodec.decode(W3CHttpResponseCodec.java:49)
at org.openqa.selenium.remote.HttpCommandExecutor.execute(HttpCommandExecutor.java:158)
at org.openqa.selenium.remote.service.DriverCommandExecutor.execute(DriverCommandExecutor.java:83)
at org.openqa.selenium.remote.RemoteWebDriver.execute(RemoteWebDriver.java:552)
at org.openqa.selenium.remote.RemoteWebDriver.findElement(RemoteWebDriver.java:323)
at org.openqa.selenium.remote.RemoteWebDriver.findElementByXPath(RemoteWebDriver.java:428)
at org.openqa.selenium.By$ByXPath.findElement(By.java:353)
at org.openqa.selenium.remote.RemoteWebDriver.findElement(RemoteWebDriver.java:315)
at org.openqa.selenium.support.pagefactory.DefaultElementLocator.findElement(DefaultElementLocator.java:69)
at org.openqa.selenium.support.pagefactory.internal.LocatingElementHandler.invoke(LocatingElementHandler.java:38)
at com.sun.proxy.$Proxy17.getTagName(Unknown Source)
at org.openqa.selenium.support.ui.Select.<init>(Select.java:45)
at org.tests.MobOptionsTest.price(MobOptionsTest.java:58)
at java.base/java.util.ArrayList.forEach(ArrayList.java:1541)
... Removed 31 stack frames]]>
    </failure>
  </testcase> <!-- price -->
  <testcase classname="org.tests.MobOptionsTest" name="RAMCheck" time="4.166"/>
  <testcase classname="org.tests.MobOptionsTest" name="StorgeCheck" time="1.986"/>
  <testcase classname="org.tests.MobOptionsTest" name="NetworkCheck" time="7.355"/>
  <testcase classname="org.tests.MobOptionsTest" name="SimTypeCheck" time="6.459"/>
  <testcase classname="org.tests.MobOptionsTest" name="BrandCheck" time="4.166"/>
  <testcase classname="org.tests.MobOptionsTest" name="EndToEnd" time="34.779"/>
  <testcase classname="org.tests.ProdTest" name="checkSamsungImg" time="2.775"/>
  <testcase classname="org.tests.ProdTest" name="searchPageTitle" time="2.623"/>
  <testcase classname="org.tests.ProdTest" name="AskExpertCheck" time="0.0">
    <skipped/>
  </testcase> <!-- AskExpertCheck -->
  <testcase classname="org.tests.ProdTest" name="ExchangeOptions" time="0.0">
    <skipped/>
  </testcase> <!-- ExchangeOptions -->
  <testcase classname="org.tests.ProdTest" name="TermsConditions" time="0.0">
    <skipped/>
  </testcase> <!-- TermsConditions -->
  <testcase classname="org.tests.ProdTest" name="KnowMoreCheck" time="0.0">
    <skipped/>
  </testcase> <!-- KnowMoreCheck -->
  <testcase classname="org.tests.ProdTest" name="ViewDetailsCheck" time="0.0">
    <skipped/>
  </testcase> <!-- ViewDetailsCheck -->
  <testcase classname="org.tests.FashionTopTest" name="price_limit" time="16.584"/>
  <testcase classname="org.tests.FashionTopTest" name="Branding" time="5.271"/>
  <testcase classname="org.tests.FashionTopTest" name="B_Rating" time="6.385"/>
  <testcase classname="org.tests.FashionTopTest" name="Select_Prod1" time="9.396"/>
  <testcase classname="org.tests.FashionFootTest" name="price_limit" time="6.507"/>
  <testcase classname="org.tests.FashionFootTest" name="Branding" time="10.529"/>
  <testcase classname="org.tests.FashionFootTest" name="Select_Prod" time="10.504"/>
  <testcase classname="org.tests.FashionFootTest" name="ProductSelect" time="18.074"/>
  <testcase classname="org.tests.FasshionBagTest" name="sreachPageTitle" time="3.034">
    <failure type="java.lang.AssertionError" message="expected [Backpacks (??????) - Buy College Bags, School Bags &amp;amp;Travel Backpacks For Men, Women, Girls &amp;amp; Boys Online | Flipkart.com] but found [Backpacks () - Buy College Bags, School Bags &amp;amp;Travel Backpacks For Men, Women, Girls &amp;amp; Boys Online | Flipkart.com]">
      <![CDATA[java.lang.AssertionError: expected [Backpacks (??????) - Buy College Bags, School Bags &Travel Backpacks For Men, Women, Girls & Boys Online | Flipkart.com] but found [Backpacks () - Buy College Bags, School Bags &Travel Backpacks For Men, Women, Girls & Boys Online | Flipkart.com]
at org.tests.FasshionBagTest.sreachPageTitle(FasshionBagTest.java:41)
at java.base/java.util.ArrayList.forEach(ArrayList.java:1541)
... Removed 33 stack frames]]>
    </failure>
  </testcase> <!-- sreachPageTitle -->
  <testcase classname="org.tests.FasshionBagTest" name="price_limit" time="6.192"/>
  <testcase classname="org.tests.FasshionBagTest" name="Branding" time="8.419"/>
  <testcase classname="org.tests.FasshionBagTest" name="Select_Prod" time="12.531"/>
  <testcase classname="org.tests.MouseHoverSafetyTest" name="ValidateResulttitle" time="3.658"/>
  <testcase classname="org.tests.MouseHoverSafetyTest" name="ItemImg" time="3.186"/>
  <testcase classname="org.tests.MouseHoverSafetyTest" name="printPrice" time="3.078"/>
  <testcase classname="org.tests.MouseHoverSafetyTest" name="pin_code" time="3.342"/>
  <testcase classname="org.tests.MouseHoverSafetyTest" name="add_to_cart" time="3.167"/>
  <testcase classname="org.tests.MouseHoverSafetyTest" name="buy_Now" time="3.5"/>
  <testcase classname="org.tests.BookSearchTest" name="sreachPageTitle" time="6.038"/>
  <testcase classname="org.tests.BookSearchTest" name="Printres" time="1.771"/>
  <testcase classname="org.tests.BookSearchTest" name="sort" time="6.238"/>
  <testcase classname="org.tests.BookSearchTest" name="Lang" time="9.38"/>
  <testcase classname="org.tests.BookSearchTest" name="customer_ratings" time="12.379"/>
  <testcase classname="org.tests.BookSearchTest" name="CategotySelect" time="12.248"/>
  <testcase classname="org.tests.BookSearchTest" name="price" time="3.853"/>
  <testcase classname="org.tests.BookSearchTest" name="Filters" time="40.707"/>
  <testcase classname="org.tests.BookResultTest" name="sreachPageTitle" time="0.0">
    <skipped/>
  </testcase> <!-- sreachPageTitle -->
  <testcase classname="org.tests.BookResultTest" name="BookImg" time="0.0">
    <skipped/>
  </testcase> <!-- BookImg -->
  <testcase classname="org.tests.BookResultTest" name="pin_code" time="0.0">
    <skipped/>
  </testcase> <!-- pin_code -->
  <testcase classname="org.tests.BookResultTest" name="add_to_cart" time="0.0">
    <skipped/>
  </testcase> <!-- add_to_cart -->
  <testcase classname="org.tests.BookResultTest" name="buy_Now" time="0.0">
    <skipped/>
  </testcase> <!-- buy_Now -->
  <testcase classname="org.tests.MouseHoverApplianceTest" name="clickOn_app" time="12.329">
    <failure type="org.openqa.selenium.json.JsonException" message="java.lang.reflect.InvocationTargetException
Build info: version: &amp;apos;3.141.59&amp;apos;, revision: &amp;apos;e82be7d358&amp;apos;, time: &amp;apos;2018-11-14T08:25:48&amp;apos;
System info: host: &amp;apos;LIN76001907&amp;apos;, ip: &amp;apos;192.168.225.181&amp;apos;, os.name: &amp;apos;Windows 10&amp;apos;, os.arch: &amp;apos;amd64&amp;apos;, os.version: &amp;apos;10.0&amp;apos;, java.version: &amp;apos;11.0.11&amp;apos;
Driver info: driver.version: RemoteWebDriver">
      <![CDATA[org.openqa.selenium.json.JsonException: java.lang.reflect.InvocationTargetException
Build info: version: '3.141.59', revision: 'e82be7d358', time: '2018-11-14T08:25:48'
System info: host: 'LIN76001907', ip: '192.168.225.181', os.name: 'Windows 10', os.arch: 'amd64', os.version: '10.0', java.version: '11.0.11'
Driver info: driver.version: RemoteWebDriver
at org.openqa.selenium.json.JsonOutput.convertUsingMethod(JsonOutput.java:332)
at org.openqa.selenium.json.JsonOutput.lambda$new$16(JsonOutput.java:155)
at org.openqa.selenium.json.JsonOutput.write(JsonOutput.java:264)
at org.openqa.selenium.json.JsonOutput.lambda$null$21(JsonOutput.java:168)
at java.base/java.util.LinkedHashMap$LinkedValues.forEach(LinkedHashMap.java:608)
at org.openqa.selenium.json.JsonOutput.lambda$new$22(JsonOutput.java:168)
at org.openqa.selenium.json.JsonOutput.write(JsonOutput.java:264)
at org.openqa.selenium.json.JsonOutput.lambda$null$23(JsonOutput.java:177)
at com.google.common.collect.SingletonImmutableBiMap.forEach(SingletonImmutableBiMap.java:65)
at org.openqa.selenium.json.JsonOutput.lambda$new$24(JsonOutput.java:176)
at org.openqa.selenium.json.JsonOutput.write(JsonOutput.java:264)
at org.openqa.selenium.json.JsonOutput.write(JsonOutput.java:255)
at org.openqa.selenium.json.Json.toJson(Json.java:42)
at org.openqa.selenium.remote.http.AbstractHttpCommandCodec.encode(AbstractHttpCommandCodec.java:227)
at org.openqa.selenium.remote.http.AbstractHttpCommandCodec.encode(AbstractHttpCommandCodec.java:117)
at org.openqa.selenium.remote.HttpCommandExecutor.execute(HttpCommandExecutor.java:152)
at org.openqa.selenium.remote.service.DriverCommandExecutor.execute(DriverCommandExecutor.java:83)
at org.openqa.selenium.remote.RemoteWebDriver.execute(RemoteWebDriver.java:552)
at org.openqa.selenium.remote.RemoteWebDriver.perform(RemoteWebDriver.java:618)
at org.openqa.selenium.interactions.Actions$BuiltAction.perform(Actions.java:639)
at org.pages.MouseHoverAppliance.clickOnApp(MouseHoverAppliance.java:29)
at org.tests.MouseHoverApplianceTest.clickOn_app(MouseHoverApplianceTest.java:29)
at java.base/java.util.ArrayList.forEach(ArrayList.java:1541)
Suppressed: org.openqa.selenium.json.JsonException: Attempting to close incomplete json stream
Build info: version: '3.141.59', revision: 'e82be7d358', time: '2018-11-14T08:25:48'
System info: host: 'LIN76001907', ip: '192.168.225.181', os.name: 'Windows 10', os.arch: 'amd64', os.version: '10.0', java.version: '11.0.11'
Driver info: driver.version: RemoteWebDriver
at org.openqa.selenium.json.JsonOutput.close(JsonOutput.java:279)
at org.openqa.selenium.json.Json.toJson(Json.java:44)
... 37 more
at org.openqa.selenium.json.JsonOutput.convertUsingMethod(JsonOutput.java:328)
... 49 more
Caused by: org.openqa.selenium.NoSuchElementException: no such element: Unable to locate element: {"method":"xpath","selector":"//img[@alt='Appliances']"}
  (Session info: chrome=90.0.4430.212)
For documentation on this error, please visit: https://www.seleniumhq.org/exceptions/no_such_element.html
Build info: version: '3.141.59', revision: 'e82be7d358', time: '2018-11-14T08:25:48'
System info: host: 'LIN76001907', ip: '192.168.225.181', os.name: 'Windows 10', os.arch: 'amd64', os.version: '10.0', java.version: '11.0.11'
Driver info: org.openqa.selenium.chrome.ChromeDriver
Capabilities {acceptInsecureCerts: false, browserName: chrome, browserVersion: 90.0.4430.212, chrome: {chromedriverVersion: 90.0.4430.24 (4c6d850f087da..., userDataDir: C:\Users\deepig\AppData\Loc...}, goog:chromeOptions: {debuggerAddress: localhost:64674}, javascriptEnabled: true, networkConnectionEnabled: false, pageLoadStrategy: normal, platform: WINDOWS, platformName: WINDOWS, proxy: Proxy(), setWindowRect: true, strictFileInteractability: false, timeouts: {implicit: 0, pageLoad: 300000, script: 30000}, unhandledPromptBehavior: dismiss and notify, webauthn:extension:largeBlob: true, webauthn:virtualAuthenticators: true}
Session ID: 36c6236f4f04742eee76d883b8535b97
*** Element info: {Using=xpath, value=//img[@alt='Appliances']}
at org.openqa.selenium.remote.http.W3CHttpResponseCodec.createException(W3CHttpResponseCodec.java:187)
at org.openqa.selenium.remote.http.W3CHttpResponseCodec.decode(W3CHttpResponseCodec.java:122)
at org.openqa.selenium.remote.http.W3CHttpResponseCodec.decode(W3CHttpResponseCodec.java:49)
at org.openqa.selenium.remote.HttpCommandExecutor.execute(HttpCommandExecutor.java:158)
at org.openqa.selenium.remote.service.DriverCommandExecutor.execute(DriverCommandExecutor.java:83)
at org.openqa.selenium.remote.RemoteWebDriver.execute(RemoteWebDriver.java:552)
at org.openqa.selenium.remote.RemoteWebDriver.findElement(RemoteWebDriver.java:323)
at org.openqa.selenium.remote.RemoteWebDriver.findElementByXPath(RemoteWebDriver.java:428)
at org.openqa.selenium.By$ByXPath.findElement(By.java:353)
at org.openqa.selenium.remote.RemoteWebDriver.findElement(RemoteWebDriver.java:315)
at org.openqa.selenium.support.pagefactory.DefaultElementLocator.findElement(DefaultElementLocator.java:69)
at org.openqa.selenium.support.pagefactory.internal.LocatingElementHandler.invoke(LocatingElementHandler.java:38)
at com.sun.proxy.$Proxy17.getWrappedElement(Unknown Source)
at org.openqa.selenium.interactions.PointerInput$Origin.asArg(PointerInput.java:204)
at org.openqa.selenium.interactions.PointerInput$Move.encode(PointerInput.java:155)
at org.openqa.selenium.interactions.Sequence.encode(Sequence.java:75)
at org.openqa.selenium.interactions.Sequence.toJson(Sequence.java:84)
... 53 more
... Removed 35 stack frames]]>
    </failure>
  </testcase> <!-- clickOn_app -->
  <testcase classname="org.tests.ApplianceResultTest" name="sreachPageTitle" time="0.0">
    <skipped/>
  </testcase> <!-- sreachPageTitle -->
  <testcase classname="org.tests.ApplianceResultTest" name="selection" time="0.0">
    <skipped/>
  </testcase> <!-- selection -->
  <testcase classname="org.tests.ApplianceResultTest" name="assured_flipkart" time="0.0">
    <skipped/>
  </testcase> <!-- assured_flipkart -->
  <testcase classname="org.tests.ApplianceResultTest" name="max_vals" time="0.0">
    <skipped/>
  </testcase> <!-- max_vals -->
  <testcase classname="org.tests.ApplianceResultTest" name="min_vals" time="0.0">
    <skipped/>
  </testcase> <!-- min_vals -->
  <testcase classname="org.tests.ApplianceResultTest" name="brand_dropdown" time="0.0">
    <skipped/>
  </testcase> <!-- brand_dropdown -->
  <testcase classname="org.tests.ApplianceResultTest" name="number_Product" time="0.0">
    <skipped/>
  </testcase> <!-- number_Product -->
  <testcase classname="org.tests.ApplianceResultTest" name="sel_Product" time="0.0">
    <skipped/>
  </testcase> <!-- sel_Product -->
  <testcase classname="org.tests.ApplianceFinalTest" name="sreachPageTitle" time="0.0">
    <skipped/>
  </testcase> <!-- sreachPageTitle -->
  <testcase classname="org.tests.ApplianceFinalTest" name="logowrlp" time="0.0">
    <skipped/>
  </testcase> <!-- logowrlp -->
  <testcase classname="org.tests.ApplianceFinalTest" name="pin_code" time="0.0">
    <skipped/>
  </testcase> <!-- pin_code -->
  <testcase classname="org.tests.ApplianceFinalTest" name="add_to_cart" time="0.0">
    <skipped/>
  </testcase> <!-- add_to_cart -->
  <testcase classname="org.base.TestBase" name="@BeforeTest loadLog4j" time="0.0">
    <ignored/>
  </testcase> <!-- @BeforeTest loadLog4j -->
  <testcase classname="org.base.TestBase" name="@BeforeTest loadLog4j" time="0.0">
    <ignored/>
  </testcase> <!-- @BeforeTest loadLog4j -->
  <testcase classname="org.base.TestBase" name="@BeforeTest loadLog4j" time="0.0">
    <ignored/>
  </testcase> <!-- @BeforeTest loadLog4j -->
  <testcase classname="org.base.TestBase" name="@BeforeTest loadLog4j" time="0.0">
    <ignored/>
  </testcase> <!-- @BeforeTest loadLog4j -->
  <testcase classname="org.base.TestBase" name="@BeforeTest loadLog4j" time="0.0">
    <ignored/>
  </testcase> <!-- @BeforeTest loadLog4j -->
  <testcase classname="org.base.TestBase" name="@BeforeTest loadLog4j" time="0.0">
    <ignored/>
  </testcase> <!-- @BeforeTest loadLog4j -->
  <testcase classname="org.base.TestBase" name="@BeforeTest loadLog4j" time="0.0">
    <ignored/>
  </testcase> <!-- @BeforeTest loadLog4j -->
  <testcase classname="org.base.TestBase" name="@BeforeTest loadLog4j" time="0.0">
    <ignored/>
  </testcase> <!-- @BeforeTest loadLog4j -->
  <testcase classname="org.base.TestBase" name="@BeforeTest loadLog4j" time="0.0">
    <ignored/>
  </testcase> <!-- @BeforeTest loadLog4j -->
  <testcase classname="org.base.TestBase" name="@BeforeTest loadLog4j" time="0.0">
    <ignored/>
  </testcase> <!-- @BeforeTest loadLog4j -->
  <testcase classname="org.base.TestBase" name="@BeforeTest loadLog4j" time="0.0">
    <ignored/>
  </testcase> <!-- @BeforeTest loadLog4j -->
  <testcase classname="org.base.TestBase" name="@BeforeTest loadLog4j" time="0.0">
    <ignored/>
  </testcase> <!-- @BeforeTest loadLog4j -->
  <testcase classname="org.base.TestBase" name="@BeforeTest loadLog4j" time="0.0">
    <ignored/>
  </testcase> <!-- @BeforeTest loadLog4j -->
  <testcase classname="org.base.TestBase" name="@BeforeTest loadLog4j" time="0.0">
    <ignored/>
  </testcase> <!-- @BeforeTest loadLog4j -->
  <testcase classname="org.base.TestBase" name="@BeforeTest loadLog4j" time="0.0">
    <ignored/>
  </testcase> <!-- @BeforeTest loadLog4j -->
</testsuite> <!-- Test -->
